<?xml version="1.0" encoding="UTF-8"?>
<!-- Generated by org.testng.reporters.JUnitReportReporter -->
<testsuite hostname="IN2481407W2" failures="0" tests="1" name="com.AppiumJava.Practice.FacebookAppAssignment1" time="183.941" errors="0" timestamp="2021-03-18T11:59:43 IST" skipped="0">
  <testcase classname="com.AppiumJava.Practice.FacebookAppAssignment1" name="facebookAppRunner" time="183.941"/>
  <system-out/>
</testsuite> <!-- com.AppiumJava.Practice.FacebookAppAssignment1 -->
