<?xml version="1.0" encoding="UTF-8"?>
<!-- Generated by org.testng.reporters.JUnitReportReporter -->
<testsuite hostname="IN2481407W2" failures="0" tests="1" name="com.AppiumJava.Practice.FacebookAssignment1" time="155.750" errors="0" timestamp="2021-03-09T11:20:02 IST" skipped="0">
  <testcase classname="com.AppiumJava.Practice.FacebookAssignment1" name="facebookRunner" time="155.750"/>
  <system-out/>
</testsuite> <!-- com.AppiumJava.Practice.FacebookAssignment1 -->
