<?xml version="1.0" encoding="UTF-8"?>
<!-- Generated by org.testng.reporters.JUnitReportReporter -->
<testsuite hostname="IN2481407W1" failures="0" tests="1" name="com.AppiumJava.Practice.AnyScenarioAssignment1" time="75.220" errors="0" timestamp="2021-03-04T00:11:32 IST" skipped="0">
  <testcase classname="com.AppiumJava.Practice.AnyScenarioAssignment1" name="RunnerMethod" time="75.220"/>
  <system-out/>
</testsuite> <!-- com.AppiumJava.Practice.AnyScenarioAssignment1 -->
