<?xml version="1.0" encoding="UTF-8"?>
<!-- Generated by org.testng.reporters.JUnitReportReporter -->
<testsuite hostname="IN2481407W2" failures="0" tests="1" name="com.AppiumJava.Practice.Demo" time="64.572" errors="0" timestamp="2021-03-18T17:01:38 IST" skipped="0">
  <testcase classname="com.AppiumJava.Practice.Demo" name="runner" time="64.572"/>
  <system-out/>
</testsuite> <!-- com.AppiumJava.Practice.Demo -->
