<?xml version="1.0" encoding="UTF-8"?>
<!-- Generated by org.testng.reporters.JUnitReportReporter -->
<testsuite hostname="IN2481407W2" failures="0" tests="1" name="com.AppiumJava.Practice.AttachScreenshots" time="0.720" errors="0" timestamp="2021-03-17T12:08:58 IST" skipped="0">
  <testcase classname="com.AppiumJava.Practice.AttachScreenshots" name="setUp" time="0.720"/>
  <system-out/>
</testsuite> <!-- com.AppiumJava.Practice.AttachScreenshots -->
