<?xml version="1.0" encoding="UTF-8"?>
<!-- Generated by org.testng.reporters.JUnitReportReporter -->
<testsuite hostname="IN2481407W1" failures="0" tests="1" name="com.AppiumJava.Practice.OpenChromeBrowserAssignment2$OpenChromeBroswerAssignment2" time="58.557" errors="0" timestamp="2021-03-07T21:37:01 IST" skipped="0">
  <testcase classname="com.AppiumJava.Practice.OpenChromeBrowserAssignment2$OpenChromeBroswerAssignment2" name="openChromeBrowser" time="58.557"/>
  <system-out/>
</testsuite> <!-- com.AppiumJava.Practice.OpenChromeBrowserAssignment2$OpenChromeBroswerAssignment2 -->
