<?xml version="1.0" encoding="UTF-8"?>
<!-- Generated by org.testng.reporters.JUnitReportReporter -->
<testsuite hostname="IN2481407W1" failures="0" tests="1" name="com.AppiumJava.Practice.Assignment1" time="107.920" errors="0" timestamp="2021-03-03T18:04:42 IST" skipped="0">
  <testcase classname="com.AppiumJava.Practice.Assignment1" name="RunnerMethod" time="107.920"/>
  <system-out/>
</testsuite> <!-- com.AppiumJava.Practice.Assignment1 -->
