<?xml version="1.0" encoding="UTF-8"?>
<!-- Generated by org.testng.reporters.JUnitReportReporter -->
<testsuite hostname="IN2481407W2" failures="0" tests="1" name="com.AppiumJava.Practice.FacebookWebAssignment2" time="137.551" errors="0" timestamp="2021-03-18T11:49:59 IST" skipped="0">
  <testcase classname="com.AppiumJava.Practice.FacebookWebAssignment2" name="facebookWebRunner" time="137.551"/>
  <system-out/>
</testsuite> <!-- com.AppiumJava.Practice.FacebookWebAssignment2 -->
